total number of files: 200
number of files to be read in one call: 10
1
/home/barracuda/a/lrajendr/Projects/camera_simulation/src/tifffile.py:265: UserWarning: failed to import the optional _tifffile C extension module.
Loading of some compressed images will be very slow.
Tifffile.c can be obtained at http://www.lfd.uci.edu/~gohlke/
  "failed to import the optional _tifffile C extension module.\n"
Number of cases: 200





Running case 1 simulation . . . 
parameter_filename_read: /home/barracuda/a/lrajendr/Projects/camera_simulation/data/bos_parameters/seeding/bos_simulation_parameters_0001.mat
Simulating bos_pattern images . . . 
number of particles: 4098
num_particles: 4098, source_point_number: 10000, num_rays: 5000000
grid: 1, 10000
1 out of 1
time_spent : 0.023500 minutes
exiting cuda code
Traceback (most recent call last):
  File "batch_run_bos_simulation.py", line 126, in <module>
    run_piv_simulation_02(piv_simulation_parameters)
  File "/home/barracuda/a/lrajendr/Projects/camera_simulation/src/run_piv_simulation_02.py", line 1720, in run_piv_simulation_02
    I, I_raw = perform_ray_tracing_03(piv_simulation_parameters,optical_system,pixel_gain,scattering_data,scattering_type,lightfield_source,field_type)
  File "/home/barracuda/a/lrajendr/Projects/camera_simulation/src/perform_ray_tracing_03.py", line 2062, in perform_ray_tracing_03
    , lightray_directions_filepath)
  File "/home/barracuda/a/lrajendr/Projects/camera_simulation/src/perform_ray_tracing_03.py", line 1895, in prepare_data_for_cytpes_call
    lightray_directions_filepath)
KeyboardInterrupt
