 Complex refractive index= 1.500E+00 +-1.000E-01*i
 radius= 1.0000E+00 lambda= 6.2832E+00 x= 1.0000E+00

Qext=-6.6988E-02 Qsca= 2.4130E-01 Qabs=-3.0828E-01 <cos>= 1.9036E-01
                 Qbk = 2.1532E-01
  theta       S11         S12=S21       S33=S44      S34=-S43       P
   0.00   1.35624E-01   0.00000E+00   1.35624E-01   0.00000E+00 -0.00000
   0.50   1.35617E-01  -4.70877E-06   1.35617E-01  -1.85333E-07  0.00003
   1.01   1.35596E-01  -1.88351E-05   1.35596E-01  -7.41798E-07  0.00014
   1.51   1.35561E-01  -4.23715E-05   1.35561E-01  -1.66846E-06  0.00031
   2.01   1.35513E-01  -7.53254E-05   1.35513E-01  -2.96626E-06  0.00056
   2.51   1.35450E-01  -1.17637E-04   1.35450E-01  -4.63286E-06  0.00087
   3.02   1.35374E-01  -1.69344E-04   1.35374E-01  -6.66874E-06  0.00125
   3.52   1.35284E-01  -2.30372E-04   1.35284E-01  -9.07388E-06  0.00170
   4.02   1.35180E-01  -3.00743E-04   1.35180E-01  -1.18450E-05  0.00222
   4.53   1.35062E-01  -3.80352E-04   1.35062E-01  -1.49827E-05  0.00282
   5.03   1.34931E-01  -4.69252E-04   1.34930E-01  -1.84868E-05  0.00348
   5.53   1.34786E-01  -5.67317E-04   1.34785E-01  -2.23522E-05  0.00421
   6.03   1.34627E-01  -6.74553E-04   1.34625E-01  -2.65804E-05  0.00501
   6.54   1.34455E-01  -7.90909E-04   1.34453E-01  -3.11695E-05  0.00588
   7.04   1.34269E-01  -9.16302E-04   1.34266E-01  -3.61172E-05  0.00682
   7.54   1.34070E-01  -1.05069E-03   1.34066E-01  -4.14201E-05  0.00784
   8.04   1.33858E-01  -1.19402E-03   1.33852E-01  -4.70784E-05  0.00892
   8.55   1.33632E-01  -1.34622E-03   1.33625E-01  -5.30886E-05  0.01007
   9.05   1.33393E-01  -1.50720E-03   1.33385E-01  -5.94486E-05  0.01130
   9.55   1.33141E-01  -1.67692E-03   1.33131E-01  -6.61560E-05  0.01260
  10.06   1.32876E-01  -1.85528E-03   1.32863E-01  -7.32075E-05  0.01396
  10.56   1.32599E-01  -2.04220E-03   1.32583E-01  -8.06018E-05  0.01540
  11.06   1.32308E-01  -2.23759E-03   1.32289E-01  -8.83341E-05  0.01691
  11.56   1.32005E-01  -2.44137E-03   1.31982E-01  -9.64021E-05  0.01849
  12.07   1.31689E-01  -2.65345E-03   1.31662E-01  -1.04803E-04  0.02015
  12.57   1.31360E-01  -2.87370E-03   1.31329E-01  -1.13534E-04  0.02188
  13.07   1.31019E-01  -3.10208E-03   1.30983E-01  -1.22589E-04  0.02368
  13.58   1.30666E-01  -3.33842E-03   1.30624E-01  -1.31967E-04  0.02555
  14.08   1.30301E-01  -3.58266E-03   1.30252E-01  -1.41664E-04  0.02750
  14.58   1.29924E-01  -3.83465E-03   1.29868E-01  -1.51675E-04  0.02951
  15.08   1.29535E-01  -4.09430E-03   1.29470E-01  -1.61997E-04  0.03161
  15.59   1.29135E-01  -4.36148E-03   1.29061E-01  -1.72625E-04  0.03377
  16.09   1.28722E-01  -4.63608E-03   1.28639E-01  -1.83555E-04  0.03602
  16.59   1.28299E-01  -4.91796E-03   1.28204E-01  -1.94785E-04  0.03833
  17.09   1.27864E-01  -5.20699E-03   1.27758E-01  -2.06307E-04  0.04072
  17.60   1.27418E-01  -5.50309E-03   1.27299E-01  -2.18119E-04  0.04319
  18.10   1.26961E-01  -5.80605E-03   1.26828E-01  -2.30215E-04  0.04573
  18.60   1.26493E-01  -6.11577E-03   1.26345E-01  -2.42592E-04  0.04835
  19.11   1.26015E-01  -6.43212E-03   1.25850E-01  -2.55243E-04  0.05104
  19.61   1.25526E-01  -6.75492E-03   1.25344E-01  -2.68163E-04  0.05381
  20.11   1.25027E-01  -7.08406E-03   1.24826E-01  -2.81349E-04  0.05666
  20.61   1.24518E-01  -7.41939E-03   1.24296E-01  -2.94795E-04  0.05958
  21.12   1.23999E-01  -7.76074E-03   1.23755E-01  -3.08495E-04  0.06259
  21.62   1.23470E-01  -8.10798E-03   1.23203E-01  -3.22444E-04  0.06567
  22.12   1.22931E-01  -8.46092E-03   1.22639E-01  -3.36638E-04  0.06883
  22.63   1.22384E-01  -8.81944E-03   1.22065E-01  -3.51069E-04  0.07206
  23.13   1.21826E-01  -9.18336E-03   1.21479E-01  -3.65733E-04  0.07538
  23.63   1.21260E-01  -9.55252E-03   1.20883E-01  -3.80624E-04  0.07878
  24.13   1.20686E-01  -9.92675E-03   1.20276E-01  -3.95736E-04  0.08225
  24.64   1.20102E-01  -1.03059E-02   1.19658E-01  -4.11063E-04  0.08581
  25.14   1.19510E-01  -1.06898E-02   1.19030E-01  -4.26601E-04  0.08945
  25.64   1.18910E-01  -1.10783E-02   1.18392E-01  -4.42341E-04  0.09317
  26.15   1.18302E-01  -1.14712E-02   1.17744E-01  -4.58279E-04  0.09696
  26.65   1.17686E-01  -1.18683E-02   1.17085E-01  -4.74407E-04  0.10085
  27.15   1.17063E-01  -1.22694E-02   1.16417E-01  -4.90721E-04  0.10481
  27.65   1.16432E-01  -1.26745E-02   1.15739E-01  -5.07214E-04  0.10886
  28.16   1.15794E-01  -1.30832E-02   1.15051E-01  -5.23879E-04  0.11299
  28.66   1.15149E-01  -1.34955E-02   1.14354E-01  -5.40711E-04  0.11720
  29.16   1.14497E-01  -1.39111E-02   1.13647E-01  -5.57703E-04  0.12150
  29.66   1.13838E-01  -1.43299E-02   1.12931E-01  -5.74847E-04  0.12588
  30.17   1.13174E-01  -1.47517E-02   1.12207E-01  -5.92138E-04  0.13035
  30.67   1.12503E-01  -1.51763E-02   1.11473E-01  -6.09569E-04  0.13490
  31.17   1.11826E-01  -1.56035E-02   1.10731E-01  -6.27134E-04  0.13953
  31.68   1.11144E-01  -1.60332E-02   1.09980E-01  -6.44825E-04  0.14426
  32.18   1.10456E-01  -1.64651E-02   1.09220E-01  -6.62638E-04  0.14906
  32.68   1.09763E-01  -1.68991E-02   1.08452E-01  -6.80564E-04  0.15396
  33.18   1.09065E-01  -1.73350E-02   1.07677E-01  -6.98596E-04  0.15894
  33.69   1.08363E-01  -1.77726E-02   1.06893E-01  -7.16729E-04  0.16401
  34.19   1.07655E-01  -1.82117E-02   1.06101E-01  -7.34955E-04  0.16917
  34.69   1.06943E-01  -1.86521E-02   1.05302E-01  -7.53268E-04  0.17441
  35.20   1.06228E-01  -1.90938E-02   1.04495E-01  -7.71660E-04  0.17974
  35.70   1.05508E-01  -1.95363E-02   1.03681E-01  -7.90124E-04  0.18516
  36.20   1.04785E-01  -1.99797E-02   1.02859E-01  -8.08656E-04  0.19067
  36.70   1.04058E-01  -2.04236E-02   1.02031E-01  -8.27245E-04  0.19627
  37.21   1.03328E-01  -2.08680E-02   1.01195E-01  -8.45888E-04  0.20196
  37.71   1.02595E-01  -2.13126E-02   1.00353E-01  -8.64576E-04  0.20774
  38.21   1.01859E-01  -2.17573E-02   9.95045E-02  -8.83302E-04  0.21360
  38.72   1.01121E-01  -2.22018E-02   9.86494E-02  -9.02060E-04  0.21956
  39.22   1.00380E-01  -2.26461E-02   9.77881E-02  -9.20843E-04  0.22560
  39.72   9.96375E-02  -2.30898E-02   9.69207E-02  -9.39643E-04  0.23174
  40.22   9.88929E-02  -2.35329E-02   9.60473E-02  -9.58455E-04  0.23796
  40.73   9.81466E-02  -2.39751E-02   9.51682E-02  -9.77272E-04  0.24428
  41.23   9.73989E-02  -2.44163E-02   9.42836E-02  -9.96086E-04  0.25068
  41.73   9.66499E-02  -2.48563E-02   9.33935E-02  -1.01489E-03  0.25718
  42.23   9.58999E-02  -2.52950E-02   9.24981E-02  -1.03368E-03  0.26376
  42.74   9.51492E-02  -2.57320E-02   9.15976E-02  -1.05244E-03  0.27044
  43.24   9.43978E-02  -2.61674E-02   9.06921E-02  -1.07118E-03  0.27720
  43.74   9.36461E-02  -2.66009E-02   8.97819E-02  -1.08988E-03  0.28406
  44.25   9.28942E-02  -2.70323E-02   8.88671E-02  -1.10854E-03  0.29100
  44.75   9.21424E-02  -2.74615E-02   8.79478E-02  -1.12715E-03  0.29803
  45.25   9.13908E-02  -2.78883E-02   8.70242E-02  -1.14570E-03  0.30515
  45.75   9.06397E-02  -2.83126E-02   8.60964E-02  -1.16419E-03  0.31236
  46.26   8.98893E-02  -2.87341E-02   8.51647E-02  -1.18261E-03  0.31966
  46.76   8.91397E-02  -2.91528E-02   8.42292E-02  -1.20095E-03  0.32705
  47.26   8.83912E-02  -2.95684E-02   8.32900E-02  -1.21921E-03  0.33452
  47.77   8.76440E-02  -2.99809E-02   8.23474E-02  -1.23739E-03  0.34208
  48.27   8.68983E-02  -3.03900E-02   8.14014E-02  -1.25547E-03  0.34972
  48.77   8.61542E-02  -3.07956E-02   8.04522E-02  -1.27345E-03  0.35745
  49.27   8.54120E-02  -3.11976E-02   7.95000E-02  -1.29132E-03  0.36526
  49.78   8.46719E-02  -3.15958E-02   7.85450E-02  -1.30908E-03  0.37316
  50.28   8.39340E-02  -3.19900E-02   7.75873E-02  -1.32672E-03  0.38113
  50.78   8.31985E-02  -3.23802E-02   7.66270E-02  -1.34423E-03  0.38919
  51.28   8.24656E-02  -3.27662E-02   7.56644E-02  -1.36162E-03  0.39733
  51.79   8.17355E-02  -3.31478E-02   7.46995E-02  -1.37886E-03  0.40555
  52.29   8.10084E-02  -3.35249E-02   7.37326E-02  -1.39597E-03  0.41384
  52.79   8.02844E-02  -3.38974E-02   7.27637E-02  -1.41292E-03  0.42222
  53.30   7.95638E-02  -3.42652E-02   7.17931E-02  -1.42972E-03  0.43066
  53.80   7.88466E-02  -3.46280E-02   7.08208E-02  -1.44636E-03  0.43918
  54.30   7.81330E-02  -3.49859E-02   6.98471E-02  -1.46284E-03  0.44777
  54.80   7.74234E-02  -3.53387E-02   6.88721E-02  -1.47914E-03  0.45643
  55.31   7.67176E-02  -3.56862E-02   6.78959E-02  -1.49527E-03  0.46516
  55.81   7.60161E-02  -3.60283E-02   6.69187E-02  -1.51122E-03  0.47396
  56.31   7.53188E-02  -3.63650E-02   6.59407E-02  -1.52698E-03  0.48281
  56.82   7.46260E-02  -3.66961E-02   6.49619E-02  -1.54255E-03  0.49173
  57.32   7.39377E-02  -3.70215E-02   6.39825E-02  -1.55792E-03  0.50071
  57.82   7.32542E-02  -3.73411E-02   6.30028E-02  -1.57309E-03  0.50975
  58.32   7.25756E-02  -3.76549E-02   6.20227E-02  -1.58806E-03  0.51884
  58.83   7.19021E-02  -3.79626E-02   6.10424E-02  -1.60281E-03  0.52798
  59.33   7.12337E-02  -3.82643E-02   6.00622E-02  -1.61735E-03  0.53717
  59.83   7.05706E-02  -3.85597E-02   5.90821E-02  -1.63167E-03  0.54640
  60.34   6.99129E-02  -3.88489E-02   5.81022E-02  -1.64576E-03  0.55568
  60.84   6.92608E-02  -3.91318E-02   5.71228E-02  -1.65963E-03  0.56499
  61.34   6.86144E-02  -3.94082E-02   5.61439E-02  -1.67326E-03  0.57434
  61.84   6.79738E-02  -3.96781E-02   5.51656E-02  -1.68665E-03  0.58373
  62.35   6.73392E-02  -3.99414E-02   5.41882E-02  -1.69980E-03  0.59314
  62.85   6.67105E-02  -4.01980E-02   5.32117E-02  -1.71271E-03  0.60257
  63.35   6.60881E-02  -4.04479E-02   5.22362E-02  -1.72537E-03  0.61203
  63.85   6.54718E-02  -4.06910E-02   5.12619E-02  -1.73777E-03  0.62150
  64.36   6.48620E-02  -4.09272E-02   5.02890E-02  -1.74992E-03  0.63099
  64.86   6.42586E-02  -4.11565E-02   4.93174E-02  -1.76181E-03  0.64048
  65.36   6.36618E-02  -4.13787E-02   4.83475E-02  -1.77343E-03  0.64998
  65.87   6.30716E-02  -4.15940E-02   4.73792E-02  -1.78479E-03  0.65947
  66.37   6.24882E-02  -4.18021E-02   4.64127E-02  -1.79588E-03  0.66896
  66.87   6.19117E-02  -4.20031E-02   4.54481E-02  -1.80669E-03  0.67844
  67.37   6.13420E-02  -4.21969E-02   4.44856E-02  -1.81723E-03  0.68790
  67.88   6.07794E-02  -4.23835E-02   4.35251E-02  -1.82748E-03  0.69733
  68.38   6.02239E-02  -4.25628E-02   4.25670E-02  -1.83746E-03  0.70674
  68.88   5.96755E-02  -4.27347E-02   4.16112E-02  -1.84715E-03  0.71612
  69.39   5.91343E-02  -4.28994E-02   4.06579E-02  -1.85655E-03  0.72546
  69.89   5.86005E-02  -4.30566E-02   3.97072E-02  -1.86567E-03  0.73475
  70.39   5.80740E-02  -4.32065E-02   3.87591E-02  -1.87449E-03  0.74399
  70.89   5.75549E-02  -4.33489E-02   3.78139E-02  -1.88302E-03  0.75318
  71.40   5.70433E-02  -4.34839E-02   3.68716E-02  -1.89125E-03  0.76230
  71.90   5.65393E-02  -4.36115E-02   3.59322E-02  -1.89918E-03  0.77135
  72.40   5.60428E-02  -4.37315E-02   3.49960E-02  -1.90681E-03  0.78032
  72.91   5.55540E-02  -4.38440E-02   3.40629E-02  -1.91414E-03  0.78922
  73.41   5.50728E-02  -4.39491E-02   3.31331E-02  -1.92117E-03  0.79802
  73.91   5.45994E-02  -4.40466E-02   3.22067E-02  -1.92789E-03  0.80672
  74.41   5.41337E-02  -4.41367E-02   3.12838E-02  -1.93430E-03  0.81533
  74.92   5.36759E-02  -4.42192E-02   3.03644E-02  -1.94041E-03  0.82382
  75.42   5.32258E-02  -4.42942E-02   2.94487E-02  -1.94620E-03  0.83219
  75.92   5.27837E-02  -4.43617E-02   2.85367E-02  -1.95169E-03  0.84044
  76.42   5.23494E-02  -4.44217E-02   2.76286E-02  -1.95686E-03  0.84856
  76.93   5.19230E-02  -4.44742E-02   2.67243E-02  -1.96172E-03  0.85654
  77.43   5.15045E-02  -4.45193E-02   2.58241E-02  -1.96627E-03  0.86438
  77.93   5.10940E-02  -4.45569E-02   2.49279E-02  -1.97050E-03  0.87206
  78.44   5.06914E-02  -4.45870E-02   2.40358E-02  -1.97442E-03  0.87958
  78.94   5.02968E-02  -4.46098E-02   2.31479E-02  -1.97803E-03  0.88693
  79.44   4.99102E-02  -4.46251E-02   2.22644E-02  -1.98131E-03  0.89411
  79.94   4.95316E-02  -4.46331E-02   2.13852E-02  -1.98429E-03  0.90110
  80.45   4.91609E-02  -4.46338E-02   2.05104E-02  -1.98694E-03  0.90791
  80.95   4.87983E-02  -4.46271E-02   1.96401E-02  -1.98928E-03  0.91452
  81.45   4.84436E-02  -4.46132E-02   1.87744E-02  -1.99131E-03  0.92093
  81.96   4.80968E-02  -4.45920E-02   1.79133E-02  -1.99302E-03  0.92713
  82.46   4.77581E-02  -4.45636E-02   1.70569E-02  -1.99441E-03  0.93311
  82.96   4.74273E-02  -4.45281E-02   1.62053E-02  -1.99549E-03  0.93887
  83.46   4.71044E-02  -4.44855E-02   1.53585E-02  -1.99625E-03  0.94440
  83.97   4.67895E-02  -4.44358E-02   1.45165E-02  -1.99670E-03  0.94970
  84.47   4.64824E-02  -4.43790E-02   1.36795E-02  -1.99683E-03  0.95475
  84.97   4.61833E-02  -4.43153E-02   1.28475E-02  -1.99665E-03  0.95955
  85.47   4.58920E-02  -4.42447E-02   1.20204E-02  -1.99616E-03  0.96411
  85.98   4.56085E-02  -4.41673E-02   1.11985E-02  -1.99536E-03  0.96840
  86.48   4.53328E-02  -4.40830E-02   1.03817E-02  -1.99425E-03  0.97243
  86.98   4.50649E-02  -4.39919E-02   9.57009E-03  -1.99283E-03  0.97619
  87.49   4.48047E-02  -4.38942E-02   8.76369E-03  -1.99110E-03  0.97968
  87.99   4.45523E-02  -4.37898E-02   7.96256E-03  -1.98907E-03  0.98289
  88.49   4.43075E-02  -4.36789E-02   7.16675E-03  -1.98673E-03  0.98581
  88.99   4.40703E-02  -4.35614E-02   6.37629E-03  -1.98409E-03  0.98845
  89.50   4.38407E-02  -4.34375E-02   5.59121E-03  -1.98114E-03  0.99080
  90.00   4.36186E-02  -4.33073E-02   4.81156E-03  -1.97790E-03  0.99286
  90.50   4.34041E-02  -4.31708E-02   4.03738E-03  -1.97436E-03  0.99462
  91.01   4.31969E-02  -4.30280E-02   3.26870E-03  -1.97052E-03  0.99609
  91.51   4.29972E-02  -4.28791E-02   2.50554E-03  -1.96639E-03  0.99725
  92.01   4.28048E-02  -4.27241E-02   1.74795E-03  -1.96196E-03  0.99811
  92.51   4.26197E-02  -4.25631E-02   9.95941E-04  -1.95724E-03  0.99867
  93.02   4.24418E-02  -4.23961E-02   2.49554E-04  -1.95224E-03  0.99892
  93.52   4.22711E-02  -4.22234E-02  -4.91188E-04  -1.94695E-03  0.99887
  94.02   4.21075E-02  -4.20448E-02  -1.22626E-03  -1.94137E-03  0.99851
  94.53   4.19510E-02  -4.18606E-02  -1.95564E-03  -1.93552E-03  0.99785
  95.03   4.18014E-02  -4.16708E-02  -2.67931E-03  -1.92939E-03  0.99688
  95.53   4.16588E-02  -4.14755E-02  -3.39724E-03  -1.92298E-03  0.99560
  96.03   4.15231E-02  -4.12747E-02  -4.10942E-03  -1.91629E-03  0.99402
  96.54   4.13941E-02  -4.10686E-02  -4.81582E-03  -1.90934E-03  0.99214
  97.04   4.12719E-02  -4.08573E-02  -5.51644E-03  -1.90212E-03  0.98995
  97.54   4.11563E-02  -4.06408E-02  -6.21126E-03  -1.89463E-03  0.98747
  98.04   4.10473E-02  -4.04191E-02  -6.90026E-03  -1.88688E-03  0.98470
  98.55   4.09448E-02  -4.01926E-02  -7.58343E-03  -1.87888E-03  0.98163
  99.05   4.08488E-02  -3.99611E-02  -8.26077E-03  -1.87061E-03  0.97827
  99.55   4.07592E-02  -3.97248E-02  -8.93225E-03  -1.86210E-03  0.97462
 100.06   4.06758E-02  -3.94838E-02  -9.59788E-03  -1.85333E-03  0.97069
 100.56   4.05987E-02  -3.92381E-02  -1.02576E-02  -1.84432E-03  0.96649
 101.06   4.05277E-02  -3.89880E-02  -1.09115E-02  -1.83506E-03  0.96201
 101.56   4.04627E-02  -3.87334E-02  -1.15596E-02  -1.82557E-03  0.95726
 102.07   4.04038E-02  -3.84745E-02  -1.22017E-02  -1.81583E-03  0.95225
 102.57   4.03507E-02  -3.82113E-02  -1.28380E-02  -1.80587E-03  0.94698
 103.07   4.03035E-02  -3.79440E-02  -1.34684E-02  -1.79568E-03  0.94146
 103.58   4.02620E-02  -3.76727E-02  -1.40929E-02  -1.78526E-03  0.93569
 104.08   4.02261E-02  -3.73974E-02  -1.47115E-02  -1.77461E-03  0.92968
 104.58   4.01959E-02  -3.71182E-02  -1.53243E-02  -1.76375E-03  0.92343
 105.08   4.01711E-02  -3.68353E-02  -1.59312E-02  -1.75268E-03  0.91696
 105.59   4.01517E-02  -3.65488E-02  -1.65322E-02  -1.74139E-03  0.91027
 106.09   4.01376E-02  -3.62587E-02  -1.71274E-02  -1.72990E-03  0.90336
 106.59   4.01288E-02  -3.59651E-02  -1.77167E-02  -1.71820E-03  0.89624
 107.09   4.01251E-02  -3.56682E-02  -1.83001E-02  -1.70631E-03  0.88892
 107.60   4.01265E-02  -3.53680E-02  -1.88777E-02  -1.69421E-03  0.88141
 108.10   4.01329E-02  -3.50647E-02  -1.94495E-02  -1.68193E-03  0.87372
 108.60   4.01441E-02  -3.47583E-02  -2.00155E-02  -1.66946E-03  0.86584
 109.11   4.01601E-02  -3.44489E-02  -2.05757E-02  -1.65681E-03  0.85779
 109.61   4.01808E-02  -3.41367E-02  -2.11301E-02  -1.64398E-03  0.84958
 110.11   4.02062E-02  -3.38218E-02  -2.16787E-02  -1.63097E-03  0.84121
 110.61   4.02361E-02  -3.35042E-02  -2.22215E-02  -1.61779E-03  0.83269
 111.12   4.02704E-02  -3.31840E-02  -2.27586E-02  -1.60444E-03  0.82403
 111.62   4.03090E-02  -3.28613E-02  -2.32899E-02  -1.59094E-03  0.81523
 112.12   4.03520E-02  -3.25363E-02  -2.38156E-02  -1.57727E-03  0.80631
 112.63   4.03991E-02  -3.22091E-02  -2.43355E-02  -1.56345E-03  0.79727
 113.13   4.04503E-02  -3.18797E-02  -2.48497E-02  -1.54948E-03  0.78812
 113.63   4.05054E-02  -3.15482E-02  -2.53583E-02  -1.53536E-03  0.77886
 114.13   4.05645E-02  -3.12147E-02  -2.58613E-02  -1.52111E-03  0.76951
 114.64   4.06274E-02  -3.08794E-02  -2.63586E-02  -1.50671E-03  0.76006
 115.14   4.06940E-02  -3.05424E-02  -2.68503E-02  -1.49219E-03  0.75054
 115.64   4.07642E-02  -3.02036E-02  -2.73364E-02  -1.47753E-03  0.74093
 116.15   4.08380E-02  -2.98633E-02  -2.78170E-02  -1.46276E-03  0.73126
 116.65   4.09152E-02  -2.95215E-02  -2.82920E-02  -1.44786E-03  0.72153
 117.15   4.09958E-02  -2.91784E-02  -2.87616E-02  -1.43285E-03  0.71174
 117.65   4.10797E-02  -2.88339E-02  -2.92256E-02  -1.41773E-03  0.70190
 118.16   4.11667E-02  -2.84883E-02  -2.96842E-02  -1.40250E-03  0.69202
 118.66   4.12569E-02  -2.81416E-02  -3.01373E-02  -1.38717E-03  0.68211
 119.16   4.13501E-02  -2.77939E-02  -3.05851E-02  -1.37175E-03  0.67216
 119.66   4.14461E-02  -2.74453E-02  -3.10274E-02  -1.35623E-03  0.66219
 120.17   4.15450E-02  -2.70959E-02  -3.14644E-02  -1.34062E-03  0.65220
 120.67   4.16467E-02  -2.67457E-02  -3.18960E-02  -1.32493E-03  0.64221
 121.17   4.17510E-02  -2.63950E-02  -3.23224E-02  -1.30917E-03  0.63220
 121.68   4.18579E-02  -2.60437E-02  -3.27435E-02  -1.29333E-03  0.62219
 122.18   4.19672E-02  -2.56920E-02  -3.31593E-02  -1.27741E-03  0.61219
 122.68   4.20790E-02  -2.53400E-02  -3.35699E-02  -1.26144E-03  0.60220
 123.18   4.21931E-02  -2.49877E-02  -3.39753E-02  -1.24540E-03  0.59222
 123.69   4.23094E-02  -2.46352E-02  -3.43756E-02  -1.22931E-03  0.58226
 124.19   4.24278E-02  -2.42827E-02  -3.47707E-02  -1.21316E-03  0.57233
 124.69   4.25483E-02  -2.39301E-02  -3.51607E-02  -1.19697E-03  0.56242
 125.20   4.26708E-02  -2.35777E-02  -3.55457E-02  -1.18074E-03  0.55255
 125.70   4.27951E-02  -2.32255E-02  -3.59256E-02  -1.16446E-03  0.54271
 126.20   4.29213E-02  -2.28735E-02  -3.63005E-02  -1.14816E-03  0.53292
 126.70   4.30492E-02  -2.25219E-02  -3.66704E-02  -1.13182E-03  0.52317
 127.21   4.31788E-02  -2.21707E-02  -3.70354E-02  -1.11546E-03  0.51346
 127.71   4.33099E-02  -2.18201E-02  -3.73955E-02  -1.09908E-03  0.50381
 128.21   4.34425E-02  -2.14701E-02  -3.77507E-02  -1.08268E-03  0.49422
 128.72   4.35765E-02  -2.11207E-02  -3.81010E-02  -1.06627E-03  0.48468
 129.22   4.37118E-02  -2.07722E-02  -3.84465E-02  -1.04986E-03  0.47521
 129.72   4.38484E-02  -2.04245E-02  -3.87873E-02  -1.03344E-03  0.46580
 130.22   4.39861E-02  -2.00777E-02  -3.91233E-02  -1.01703E-03  0.45646
 130.73   4.41250E-02  -1.97320E-02  -3.94545E-02  -1.00062E-03  0.44718
 131.23   4.42648E-02  -1.93873E-02  -3.97811E-02  -9.84216E-04  0.43798
 131.73   4.44056E-02  -1.90438E-02  -4.01031E-02  -9.67832E-04  0.42886
 132.23   4.45473E-02  -1.87016E-02  -4.04204E-02  -9.51467E-04  0.41981
 132.74   4.46898E-02  -1.83607E-02  -4.07331E-02  -9.35125E-04  0.41085
 133.24   4.48330E-02  -1.80212E-02  -4.10413E-02  -9.18810E-04  0.40196
 133.74   4.49768E-02  -1.76831E-02  -4.13449E-02  -9.02528E-04  0.39316
 134.25   4.51212E-02  -1.73466E-02  -4.16441E-02  -8.86282E-04  0.38445
 134.75   4.52661E-02  -1.70118E-02  -4.19388E-02  -8.70077E-04  0.37582
 135.25   4.54115E-02  -1.66786E-02  -4.22291E-02  -8.53916E-04  0.36728
 135.75   4.55572E-02  -1.63471E-02  -4.25150E-02  -8.37804E-04  0.35883
 136.26   4.57032E-02  -1.60175E-02  -4.27966E-02  -8.21744E-04  0.35047
 136.76   4.58494E-02  -1.56898E-02  -4.30738E-02  -8.05742E-04  0.34220
 137.26   4.59958E-02  -1.53641E-02  -4.33467E-02  -7.89800E-04  0.33403
 137.77   4.61423E-02  -1.50404E-02  -4.36154E-02  -7.73924E-04  0.32596
 138.27   4.62889E-02  -1.47187E-02  -4.38799E-02  -7.58117E-04  0.31798
 138.77   4.64353E-02  -1.43993E-02  -4.41401E-02  -7.42383E-04  0.31009
 139.27   4.65817E-02  -1.40821E-02  -4.43962E-02  -7.26726E-04  0.30231
 139.78   4.67280E-02  -1.37671E-02  -4.46482E-02  -7.11150E-04  0.29462
 140.28   4.68740E-02  -1.34545E-02  -4.48961E-02  -6.95658E-04  0.28704
 140.78   4.70197E-02  -1.31444E-02  -4.51399E-02  -6.80256E-04  0.27955
 141.28   4.71651E-02  -1.28367E-02  -4.53797E-02  -6.64946E-04  0.27217
 141.79   4.73100E-02  -1.25315E-02  -4.56156E-02  -6.49732E-04  0.26488
 142.29   4.74545E-02  -1.22290E-02  -4.58474E-02  -6.34618E-04  0.25770
 142.79   4.75985E-02  -1.19290E-02  -4.60753E-02  -6.19608E-04  0.25062
 143.30   4.77419E-02  -1.16318E-02  -4.62993E-02  -6.04705E-04  0.24364
 143.80   4.78847E-02  -1.13374E-02  -4.65195E-02  -5.89914E-04  0.23676
 144.30   4.80268E-02  -1.10458E-02  -4.67357E-02  -5.75237E-04  0.22999
 144.80   4.81681E-02  -1.07570E-02  -4.69482E-02  -5.60679E-04  0.22332
 145.31   4.83086E-02  -1.04712E-02  -4.71570E-02  -5.46242E-04  0.21676
 145.81   4.84483E-02  -1.01884E-02  -4.73619E-02  -5.31931E-04  0.21029
 146.31   4.85871E-02  -9.90854E-03  -4.75632E-02  -5.17748E-04  0.20393
 146.82   4.87249E-02  -9.63181E-03  -4.77607E-02  -5.03698E-04  0.19768
 147.32   4.88617E-02  -9.35820E-03  -4.79546E-02  -4.89783E-04  0.19152
 147.82   4.89974E-02  -9.08779E-03  -4.81449E-02  -4.76007E-04  0.18547
 148.32   4.91320E-02  -8.82059E-03  -4.83316E-02  -4.62373E-04  0.17953
 148.83   4.92655E-02  -8.55668E-03  -4.85147E-02  -4.48884E-04  0.17368
 149.33   4.93978E-02  -8.29608E-03  -4.86942E-02  -4.35544E-04  0.16794
 149.83   4.95288E-02  -8.03885E-03  -4.88703E-02  -4.22356E-04  0.16231
 150.34   4.96586E-02  -7.78503E-03  -4.90428E-02  -4.09323E-04  0.15677
 150.84   4.97870E-02  -7.53466E-03  -4.92119E-02  -3.96447E-04  0.15134
 151.34   4.99140E-02  -7.28779E-03  -4.93776E-02  -3.83733E-04  0.14601
 151.84   5.00396E-02  -7.04447E-03  -4.95398E-02  -3.71182E-04  0.14078
 152.35   5.01637E-02  -6.80473E-03  -4.96987E-02  -3.58799E-04  0.13565
 152.85   5.02863E-02  -6.56860E-03  -4.98542E-02  -3.46586E-04  0.13062
 153.35   5.04074E-02  -6.33614E-03  -5.00064E-02  -3.34544E-04  0.12570
 153.85   5.05268E-02  -6.10738E-03  -5.01553E-02  -3.22679E-04  0.12087
 154.36   5.06447E-02  -5.88234E-03  -5.03009E-02  -3.10991E-04  0.11615
 154.86   5.07608E-02  -5.66109E-03  -5.04433E-02  -2.99485E-04  0.11152
 155.36   5.08753E-02  -5.44365E-03  -5.05824E-02  -2.88161E-04  0.10700
 155.87   5.09880E-02  -5.23005E-03  -5.07183E-02  -2.77025E-04  0.10257
 156.37   5.10990E-02  -5.02033E-03  -5.08511E-02  -2.66076E-04  0.09825
 156.87   5.12081E-02  -4.81453E-03  -5.09807E-02  -2.55320E-04  0.09402
 157.37   5.13154E-02  -4.61267E-03  -5.11071E-02  -2.44756E-04  0.08989
 157.88   5.14209E-02  -4.41479E-03  -5.12305E-02  -2.34390E-04  0.08586
 158.38   5.15244E-02  -4.22093E-03  -5.13507E-02  -2.24221E-04  0.08192
 158.88   5.16259E-02  -4.03110E-03  -5.14679E-02  -2.14253E-04  0.07808
 159.39   5.17255E-02  -3.84534E-03  -5.15820E-02  -2.04489E-04  0.07434
 159.89   5.18231E-02  -3.66368E-03  -5.16931E-02  -1.94930E-04  0.07070
 160.39   5.19187E-02  -3.48615E-03  -5.18012E-02  -1.85578E-04  0.06715
 160.89   5.20122E-02  -3.31277E-03  -5.19063E-02  -1.76436E-04  0.06369
 161.40   5.21036E-02  -3.14358E-03  -5.20084E-02  -1.67505E-04  0.06033
 161.90   5.21929E-02  -2.97859E-03  -5.21075E-02  -1.58788E-04  0.05707
 162.40   5.22800E-02  -2.81783E-03  -5.22038E-02  -1.50287E-04  0.05390
 162.91   5.23650E-02  -2.66133E-03  -5.22971E-02  -1.42004E-04  0.05082
 163.41   5.24477E-02  -2.50911E-03  -5.23875E-02  -1.33940E-04  0.04784
 163.91   5.25283E-02  -2.36120E-03  -5.24751E-02  -1.26097E-04  0.04495
 164.41   5.26066E-02  -2.21761E-03  -5.25597E-02  -1.18477E-04  0.04215
 164.92   5.26827E-02  -2.07837E-03  -5.26416E-02  -1.11081E-04  0.03945
 165.42   5.27565E-02  -1.94349E-03  -5.27205E-02  -1.03913E-04  0.03684
 165.92   5.28279E-02  -1.81301E-03  -5.27967E-02  -9.69719E-05  0.03432
 166.42   5.28971E-02  -1.68693E-03  -5.28701E-02  -9.02608E-05  0.03189
 166.93   5.29639E-02  -1.56528E-03  -5.29407E-02  -8.37801E-05  0.02955
 167.43   5.30283E-02  -1.44806E-03  -5.30084E-02  -7.75324E-05  0.02731
 167.93   5.30903E-02  -1.33531E-03  -5.30735E-02  -7.15181E-05  0.02515
 168.44   5.31500E-02  -1.22704E-03  -5.31358E-02  -6.57395E-05  0.02309
 168.94   5.32072E-02  -1.12326E-03  -5.31953E-02  -6.01970E-05  0.02111
 169.44   5.32620E-02  -1.02399E-03  -5.32521E-02  -5.48924E-05  0.01923
 169.94   5.33143E-02  -9.29240E-04  -5.33062E-02  -4.98265E-05  0.01743
 170.45   5.33642E-02  -8.39025E-04  -5.33576E-02  -4.50008E-05  0.01572
 170.95   5.34116E-02  -7.53360E-04  -5.34063E-02  -4.04157E-05  0.01410
 171.45   5.34565E-02  -6.72255E-04  -5.34523E-02  -3.60729E-05  0.01258
 171.96   5.34990E-02  -5.95726E-04  -5.34956E-02  -3.19732E-05  0.01114
 172.46   5.35389E-02  -5.23778E-04  -5.35363E-02  -2.81176E-05  0.00978
 172.96   5.35763E-02  -4.56423E-04  -5.35743E-02  -2.45064E-05  0.00852
 173.46   5.36111E-02  -3.93676E-04  -5.36097E-02  -2.11410E-05  0.00734
 173.97   5.36434E-02  -3.35539E-04  -5.36424E-02  -1.80220E-05  0.00625
 174.47   5.36732E-02  -2.82025E-04  -5.36724E-02  -1.51501E-05  0.00525
 174.97   5.37003E-02  -2.33136E-04  -5.36998E-02  -1.25254E-05  0.00434
 175.47   5.37250E-02  -1.88882E-04  -5.37246E-02  -1.01493E-05  0.00352
 175.98   5.37470E-02  -1.49269E-04  -5.37468E-02  -8.02171E-06  0.00278
 176.48   5.37665E-02  -1.14303E-04  -5.37664E-02  -6.14300E-06  0.00213
 176.98   5.37834E-02  -8.39885E-05  -5.37833E-02  -4.51435E-06  0.00156
 177.49   5.37977E-02  -5.83325E-05  -5.37976E-02  -3.13576E-06  0.00108
 177.99   5.38094E-02  -3.73367E-05  -5.38094E-02  -2.00700E-06  0.00069
 178.49   5.38185E-02  -2.10050E-05  -5.38185E-02  -1.12923E-06  0.00039
 178.99   5.38250E-02  -9.33558E-06  -5.38250E-02  -5.01983E-07  0.00017
 179.50   5.38289E-02  -2.33389E-06  -5.38289E-02  -1.25263E-07  0.00004
 180.00   5.38302E-02   0.00000E+00  -5.38302E-02   0.00000E+00 -0.00000
 radius= 2.0000E+00 lambda= 6.2832E+00 x= 2.0000E+00

Qext= 1.6618E+00 Qsca= 3.1725E+00 Qabs=-1.5107E+00 <cos>= 5.5809E-01
                 Qbk = 1.0354E+00
  theta       S11         S12=S21       S33=S44      S34=-S43       P
   0.00   1.45407E+01   0.00000E+00   1.45407E+01   0.00000E+00 -0.00000
   3.75   1.44727E+01  -1.04947E-02   1.44727E+01   6.98376E-03  0.00073
   7.50   1.42707E+01  -4.12040E-02   1.42706E+01   2.76346E-02  0.00289
  11.25   1.39407E+01  -8.98647E-02   1.39402E+01   6.10723E-02  0.00645
  15.00   1.34924E+01  -1.52905E-01   1.34911E+01   1.05870E-01  0.01133
  18.75   1.29386E+01  -2.25724E-01   1.29356E+01   1.60121E-01  0.01745
  22.50   1.22947E+01  -3.03039E-01   1.22889E+01   2.21526E-01  0.02465
  26.25   1.15777E+01  -3.79290E-01   1.15679E+01   2.87486E-01  0.03276
  30.00   1.08057E+01  -4.49041E-01   1.07906E+01   3.55226E-01  0.04156
  33.75   9.99713E+00  -5.07362E-01   9.97533E+00   4.21908E-01  0.05075
  37.50   9.16959E+00  -5.50146E-01   9.14022E+00   4.84756E-01  0.06000
  41.25   8.33969E+00  -5.74360E-01   8.30226E+00   5.41170E-01  0.06887
  45.00   7.52232E+00  -5.78196E-01   7.47691E+00   5.88832E-01  0.07686
  48.75   6.73033E+00  -5.61122E-01   6.67764E+00   6.25796E-01  0.08337
  52.50   5.97431E+00  -5.23840E-01   5.91563E+00   6.50565E-01  0.08768
  56.25   5.26248E+00  -4.68161E-01   5.19963E+00   6.62133E-01  0.08896
  60.00   4.60080E+00  -3.96816E-01   4.53589E+00   6.60020E-01  0.08625
  63.75   3.99308E+00  -3.13212E-01   3.92830E+00   6.44271E-01  0.07844
  67.50   3.44124E+00  -2.21183E-01   3.37852E+00   6.15440E-01  0.06427
  71.25   2.94557E+00  -1.24722E-01   2.88630E+00   5.74547E-01  0.04234
  75.00   2.50508E+00  -2.77455E-02   2.44972E+00   5.23022E-01  0.01108
  78.75   2.11776E+00   6.61201E-02   2.06555E+00   4.62634E-01 -0.03122
  82.50   1.78088E+00   1.53700E-01   1.72962E+00   3.95403E-01 -0.08631
  86.25   1.49128E+00   2.32389E-01   1.43710E+00   3.23514E-01 -0.15583
  90.00   1.24553E+00   3.00219E-01   1.18284E+00   2.49227E-01 -0.24104
  93.75   1.04012E+00   3.55879E-01   9.61588E-01   1.74786E-01 -0.34215
  97.50   8.71588E-01   3.98694E-01   7.68268E-01   1.02333E-01 -0.45743
 101.25   7.36580E-01   4.28576E-01   5.98104E-01   3.38387E-02 -0.58185
 105.00   6.31907E-01   4.45943E-01   4.46768E-01  -2.89651E-02 -0.70571
 108.75   5.54548E-01   4.51634E-01   3.10464E-01  -8.46341E-02 -0.81442
 112.50   5.01652E-01   4.46803E-01   1.85972E-01  -1.32049E-01 -0.89066
 116.25   4.70512E-01   4.32828E-01   7.06621E-02  -1.70437E-01 -0.91991
 120.00   4.58542E-01   4.11218E-01  -3.75182E-02  -1.99382E-01 -0.89679
 123.75   4.63248E-01   3.83531E-01  -1.40078E-01  -2.18816E-01 -0.82792
 127.50   4.82203E-01   3.51306E-01  -2.38033E-01  -2.29006E-01 -0.72854
 131.25   5.13032E-01   3.16010E-01  -3.31961E-01  -2.30523E-01 -0.61597
 135.00   5.53399E-01   2.78997E-01  -4.22068E-01  -2.24210E-01 -0.50415
 138.75   6.01008E-01   2.41482E-01  -5.08252E-01  -2.11131E-01 -0.40179
 142.50   6.53607E-01   2.04528E-01  -5.90171E-01  -1.92533E-01 -0.31292
 146.25   7.09008E-01   1.69040E-01  -6.67301E-01  -1.69783E-01 -0.23842
 150.00   7.65102E-01   1.35770E-01  -7.38998E-01  -1.44322E-01 -0.17745
 153.75   8.19891E-01   1.05330E-01  -8.04546E-01  -1.17611E-01 -0.12847
 157.50   8.71514E-01   7.81995E-02  -8.63208E-01  -9.10741E-02 -0.08973
 161.25   9.18280E-01   5.47500E-02  -9.14263E-01  -6.60576E-02 -0.05962
 165.00   9.58694E-01   3.52578E-02  -9.57045E-01  -4.37800E-02 -0.03678
 168.75   9.91493E-01   1.99224E-02  -9.90970E-01  -2.52948E-02 -0.02009
 172.50   1.01566E+00   8.88157E-03  -1.01556E+00  -1.14570E-02 -0.00874
 176.25   1.03046E+00   2.22427E-03  -1.03046E+00  -2.89676E-03 -0.00216
 180.00   1.03545E+00   0.00000E+00  -1.03545E+00   0.00000E+00 -0.00000
 radius= 2.0000E+00 lambda= 6.2832E+00 x= 2.0000E+00

Qext= 1.6618E+00 Qsca= 3.1725E+00 Qabs=-1.5107E+00 <cos>= 5.5809E-01
                 Qbk = 1.0354E+00
  theta       S11         S12=S21       S33=S44      S34=-S43       P
   0.00   1.45407E+01   0.00000E+00   1.45407E+01   0.00000E+00 -0.00000
   4.74   1.44323E+01  -1.66831E-02   1.44323E+01   1.11184E-02  0.00116
   9.47   1.41124E+01  -6.47764E-02   1.41122E+01   4.37174E-02  0.00459
  14.21   1.35960E+01  -1.38655E-01   1.35949E+01   9.55830E-02  0.01020
  18.95   1.29068E+01  -2.29729E-01   1.29037E+01   1.63197E-01  0.01780
  23.68   1.20753E+01  -3.27496E-01   1.20684E+01   2.41992E-01  0.02712
  28.42   1.11363E+01  -4.20797E-01   1.11235E+01   3.26670E-01  0.03779
  33.16   1.01265E+01  -4.99093E-01   1.01058E+01   4.11564E-01  0.04929
  37.89   9.08207E+00  -5.53610E-01   9.05187E+00   4.91040E-01  0.06096
  42.63   8.03636E+00  -5.78200E-01   7.99596E+00   5.59860E-01  0.07195
  47.37   7.01845E+00  -5.69826E-01   6.96832E+00   6.13528E-01  0.08119
  52.11   6.05193E+00  -5.28670E-01   5.99381E+00   6.48566E-01  0.08736
  56.84   5.15455E+00  -4.57857E-01   5.09122E+00   6.62714E-01  0.08883
  61.58   4.33819E+00  -3.62894E-01   4.27307E+00   6.55030E-01  0.08365
  66.32   3.60942E+00  -2.50913E-01   3.54587E+00   6.25905E-01  0.06952
  71.05   2.97027E+00  -1.29845E-01   2.91080E+00   5.76978E-01  0.04371
  75.79   2.41920E+00  -7.61163E-03   2.36461E+00   5.10981E-01  0.00315
  80.53   1.95208E+00   1.08563E-01   1.90070E+00   4.31509E-01 -0.05561
  85.26   1.56310E+00   2.12665E-01   1.51016E+00   3.42757E-01 -0.13605
  90.00   1.24553E+00   3.00219E-01   1.18284E+00   2.49227E-01 -0.24104
  94.74   9.92334E-01   3.68405E-01   9.08208E-01   1.55442E-01 -0.37125
  99.47   7.96558E-01   4.16018E-01   6.76107E-01   6.56739E-02 -0.52227
 104.21   6.51575E-01   4.43291E-01   4.77260E-01  -1.62924E-02 -0.68034
 108.95   5.51179E-01   4.51631E-01   3.03643E-01  -8.73437E-02 -0.81939
 113.68   4.89593E-01   4.43308E-01   1.48675E-01  -1.45174E-01 -0.90546
 118.42   4.61408E-01   4.21148E-01   7.27115E-03  -1.88358E-01 -0.91275
 123.16   4.61496E-01   3.88243E-01  -1.24211E-01  -2.16373E-01 -0.84127
 127.89   4.84929E-01   3.47711E-01  -2.48104E-01  -2.29561E-01 -0.71703
 132.63   5.26917E-01   3.02505E-01  -3.65602E-01  -2.29056E-01 -0.57410
 137.37   5.82769E-01   2.55291E-01  -4.76974E-01  -2.16661E-01 -0.43807
