OpenJDK 64-Bit Server VM warning: ignoring option MaxPermSize=350m; support was removed in 8.0
[  28272]  ERROR - napi.project.CacheUpdateRunner - Error while indexing /home/barracuda/a/lrajendr/Software/anaconda2/lib/python2.7/site-packages/matplotlib/testing/jpl_units/__init__.py
To reindex this file IDEA has to be restarted 
java.lang.IllegalArgumentException: Argument for @NotNull parameter 'file' of com/intellij/openapi/roots/impl/ProjectFileIndexFacade.isInContent must not be null
	at com.intellij.openapi.roots.impl.ProjectFileIndexFacade.isInContent(ProjectFileIndexFacade.java)
	at com.jetbrains.python.psi.resolve.QualifiedNameResolverImpl.addRelativeImportResultsFromSkeletons(QualifiedNameResolverImpl.java:288)
	at com.jetbrains.python.psi.resolve.QualifiedNameResolverImpl.resultsAsList(QualifiedNameResolverImpl.java:256)
	at com.jetbrains.python.psi.resolve.ResolveImportUtil.resolveModule(ResolveImportUtil.java:212)
	at com.jetbrains.python.psi.resolve.ResolveImportUtil.resolveFromImportStatementSource(ResolveImportUtil.java:175)
	at com.jetbrains.python.psi.impl.PyFromImportStatementImpl.resolveImportSourceCandidates(PyFromImportStatementImpl.java:240)
	at com.jetbrains.python.psi.impl.PyFromImportStatementImpl.resolveImportSource(PyFromImportStatementImpl.java:226)
	at com.jetbrains.python.psi.impl.PyFromImportStatementImpl.resolveImplicitSubModule(PyFromImportStatementImpl.java:292)
	at com.jetbrains.python.psi.impl.PyFromImportStatementImpl.multiResolveName(PyFromImportStatementImpl.java:272)
	at com.jetbrains.python.psi.resolve.PyResolveProcessor.resolveInImportedNameDefiner(PyResolveProcessor.java:121)
	at com.jetbrains.python.psi.resolve.PyResolveProcessor.execute(PyResolveProcessor.java:63)
	at com.jetbrains.python.psi.resolve.PyResolveUtil.scopeCrawlUp(PyResolveUtil.java:92)
	at com.jetbrains.python.psi.resolve.PyResolveUtil.scopeCrawlUp(PyResolveUtil.java:63)
	at com.jetbrains.python.psi.impl.stubs.PyNamedTupleStubImpl.resolveLocally(PyNamedTupleStubImpl.java:297)
	at com.jetbrains.python.psi.impl.stubs.PyNamedTupleStubImpl.getImportedNamedTupleQName(PyNamedTupleStubImpl.java:253)
	at com.jetbrains.python.psi.impl.stubs.PyNamedTupleStubImpl.getNamedTupleQName(PyNamedTupleStubImpl.java:156)
	at com.jetbrains.python.psi.impl.stubs.PyNamedTupleStubImpl.create(PyNamedTupleStubImpl.java:75)
	at com.jetbrains.python.psi.impl.stubs.PyNamedTupleStubImpl.create(PyNamedTupleStubImpl.java:61)
	at com.jetbrains.python.psi.impl.stubs.PyNamedTupleStubType.createStub(PyNamedTupleStubType.java:31)
	at com.jetbrains.python.psi.impl.stubs.PyNamedTupleStubType.createStub(PyNamedTupleStubType.java:26)
	at com.jetbrains.python.psi.impl.stubs.PyTargetExpressionElementType.createStub(PyTargetExpressionElementType.java:75)
	at com.jetbrains.python.psi.impl.stubs.PyTargetExpressionElementType.createStub(PyTargetExpressionElementType.java:43)
	at com.intellij.psi.stubs.DefaultStubBuilder.buildStubTreeFor(DefaultStubBuilder.java:60)
	at com.intellij.psi.stubs.DefaultStubBuilder.buildStubTree(DefaultStubBuilder.java:36)
	at com.intellij.psi.stubs.StubTreeBuilder.buildStubTree(StubTreeBuilder.java:86)
	at com.intellij.psi.stubs.StubUpdatingIndex$3$1.run(StubUpdatingIndex.java:127)
	at com.intellij.openapi.application.impl.ApplicationImpl.runReadAction(ApplicationImpl.java:945)
	at com.intellij.psi.stubs.StubUpdatingIndex$3.map(StubUpdatingIndex.java:124)
	at com.intellij.psi.stubs.StubUpdatingIndex$3.map(StubUpdatingIndex.java:118)
	at com.intellij.util.indexing.MapReduceIndex.update(MapReduceIndex.java:398)
	at com.intellij.util.indexing.FileBasedIndexImpl.updateSingleIndex(FileBasedIndexImpl.java:1831)
	at com.intellij.util.indexing.FileBasedIndexImpl$23.run(FileBasedIndexImpl.java:1760)
	at com.intellij.openapi.fileTypes.impl.FileTypeManagerImpl.freezeFileTypeTemporarilyIn(FileTypeManagerImpl.java:510)
	at com.intellij.util.indexing.FileBasedIndexImpl.doIndexFileContent(FileBasedIndexImpl.java:1718)
	at com.intellij.util.indexing.FileBasedIndexImpl.indexFileContent(FileBasedIndexImpl.java:1703)
	at com.intellij.util.indexing.UnindexedFilesUpdater$2.consume(UnindexedFilesUpdater.java:108)
	at com.intellij.util.indexing.UnindexedFilesUpdater$2.consume(UnindexedFilesUpdater.java:105)
	at com.intellij.openapi.project.CacheUpdateRunner$MyRunnable$1.run(CacheUpdateRunner.java:226)
	at com.intellij.openapi.application.impl.ApplicationImpl.tryRunReadAction(ApplicationImpl.java:1178)
	at com.intellij.openapi.project.CacheUpdateRunner$MyRunnable$2.run(CacheUpdateRunner.java:246)
	at com.intellij.openapi.progress.impl.CoreProgressManager$2.run(CoreProgressManager.java:142)
	at com.intellij.openapi.progress.impl.CoreProgressManager.registerIndicatorAndRun(CoreProgressManager.java:446)
	at com.intellij.openapi.progress.impl.CoreProgressManager.registerIndicatorAndRun(CoreProgressManager.java:443)
	at com.intellij.openapi.progress.impl.CoreProgressManager.executeProcessUnderProgress(CoreProgressManager.java:392)
	at com.intellij.openapi.progress.impl.ProgressManagerImpl.executeProcessUnderProgress(ProgressManagerImpl.java:54)
	at com.intellij.openapi.progress.impl.CoreProgressManager.runProcess(CoreProgressManager.java:127)
	at com.intellij.openapi.project.CacheUpdateRunner$MyRunnable.run(CacheUpdateRunner.java:240)
	at com.intellij.openapi.application.impl.ApplicationImpl$8.run(ApplicationImpl.java:369)
	at java.util.concurrent.Executors$RunnableAdapter.call(Executors.java:511)
	at java.util.concurrent.FutureTask.run(FutureTask.java:266)
	at java.util.concurrent.ThreadPoolExecutor.runWorker(ThreadPoolExecutor.java:1142)
	at java.util.concurrent.ThreadPoolExecutor$Worker.run(ThreadPoolExecutor.java:617)
	at java.lang.Thread.run(Thread.java:745)
[  28272]  ERROR - napi.project.CacheUpdateRunner - Error while indexing /home/barracuda/a/lrajendr/Software/anaconda2/lib/python2.7/site-packages/dynd/ndt/__init__.py
To reindex this file IDEA has to be restarted 
java.lang.IllegalArgumentException: Argument for @NotNull parameter 'file' of com/intellij/openapi/roots/impl/ProjectFileIndexFacade.isInContent must not be null
	at com.intellij.openapi.roots.impl.ProjectFileIndexFacade.isInContent(ProjectFileIndexFacade.java)
	at com.jetbrains.python.psi.resolve.QualifiedNameResolverImpl.addRelativeImportResultsFromSkeletons(QualifiedNameResolverImpl.java:288)
	at com.jetbrains.python.psi.resolve.QualifiedNameResolverImpl.resultsAsList(QualifiedNameResolverImpl.java:256)
	at com.jetbrains.python.psi.resolve.ResolveImportUtil.resolveModule(ResolveImportUtil.java:212)
	at com.jetbrains.python.psi.resolve.ResolveImportUtil.resolveFromImportStatementSource(ResolveImportUtil.java:175)
	at com.jetbrains.python.psi.impl.PyFromImportStatementImpl.resolveImportSourceCandidates(PyFromImportStatementImpl.java:240)
	at com.jetbrains.python.psi.impl.PyFromImportStatementImpl.resolveImportSource(PyFromImportStatementImpl.java:226)
	at com.jetbrains.python.psi.impl.PyFromImportStatementImpl.resolveImplicitSubModule(PyFromImportStatementImpl.java:292)
	at com.jetbrains.python.psi.impl.PyFromImportStatementImpl.multiResolveName(PyFromImportStatementImpl.java:272)
	at com.jetbrains.python.psi.resolve.PyResolveProcessor.resolveInImportedNameDefiner(PyResolveProcessor.java:121)
	at com.jetbrains.python.psi.resolve.PyResolveProcessor.execute(PyResolveProcessor.java:63)
	at com.jetbrains.python.psi.resolve.PyResolveUtil.scopeCrawlUp(PyResolveUtil.java:92)
	at com.jetbrains.python.psi.resolve.PyResolveUtil.scopeCrawlUp(PyResolveUtil.java:63)
	at com.jetbrains.python.psi.impl.stubs.PyNamedTupleStubImpl.resolveLocally(PyNamedTupleStubImpl.java:297)
	at com.jetbrains.python.psi.impl.stubs.PyNamedTupleStubImpl.getImportedNamedTupleQName(PyNamedTupleStubImpl.java:253)
	at com.jetbrains.python.psi.impl.stubs.PyNamedTupleStubImpl.getNamedTupleQName(PyNamedTupleStubImpl.java:156)
	at com.jetbrains.python.psi.impl.stubs.PyNamedTupleStubImpl.create(PyNamedTupleStubImpl.java:75)
	at com.jetbrains.python.psi.impl.stubs.PyNamedTupleStubImpl.create(PyNamedTupleStubImpl.java:61)
	at com.jetbrains.python.psi.impl.stubs.PyNamedTupleStubType.createStub(PyNamedTupleStubType.java:31)
	at com.jetbrains.python.psi.impl.stubs.PyNamedTupleStubType.createStub(PyNamedTupleStubType.java:26)
	at com.jetbrains.python.psi.impl.stubs.PyTargetExpressionElementType.createStub(PyTargetExpressionElementType.java:75)
	at com.jetbrains.python.psi.impl.stubs.PyTargetExpressionElementType.createStub(PyTargetExpressionElementType.java:43)
	at com.intellij.psi.stubs.DefaultStubBuilder.buildStubTreeFor(DefaultStubBuilder.java:60)
	at com.intellij.psi.stubs.DefaultStubBuilder.buildStubTree(DefaultStubBuilder.java:36)
	at com.intellij.psi.stubs.StubTreeBuilder.buildStubTree(StubTreeBuilder.java:86)
	at com.intellij.psi.stubs.StubUpdatingIndex$3$1.run(StubUpdatingIndex.java:127)
	at com.intellij.openapi.application.impl.ApplicationImpl.runReadAction(ApplicationImpl.java:945)
	at com.intellij.psi.stubs.StubUpdatingIndex$3.map(StubUpdatingIndex.java:124)
	at com.intellij.psi.stubs.StubUpdatingIndex$3.map(StubUpdatingIndex.java:118)
	at com.intellij.util.indexing.MapReduceIndex.update(MapReduceIndex.java:398)
	at com.intellij.util.indexing.FileBasedIndexImpl.updateSingleIndex(FileBasedIndexImpl.java:1831)
	at com.intellij.util.indexing.FileBasedIndexImpl$23.run(FileBasedIndexImpl.java:1760)
	at com.intellij.openapi.fileTypes.impl.FileTypeManagerImpl.freezeFileTypeTemporarilyIn(FileTypeManagerImpl.java:510)
	at com.intellij.util.indexing.FileBasedIndexImpl.doIndexFileContent(FileBasedIndexImpl.java:1718)
	at com.intellij.util.indexing.FileBasedIndexImpl.indexFileContent(FileBasedIndexImpl.java:1703)
	at com.intellij.util.indexing.UnindexedFilesUpdater$2.consume(UnindexedFilesUpdater.java:108)
	at com.intellij.util.indexing.UnindexedFilesUpdater$2.consume(UnindexedFilesUpdater.java:105)
	at com.intellij.openapi.project.CacheUpdateRunner$MyRunnable$1.run(CacheUpdateRunner.java:226)
	at com.intellij.openapi.application.impl.ApplicationImpl.tryRunReadAction(ApplicationImpl.java:1178)
	at com.intellij.openapi.project.CacheUpdateRunner$MyRunnable$2.run(CacheUpdateRunner.java:246)
	at com.intellij.openapi.progress.impl.CoreProgressManager$2.run(CoreProgressManager.java:142)
	at com.intellij.openapi.progress.impl.CoreProgressManager.registerIndicatorAndRun(CoreProgressManager.java:446)
	at com.intellij.openapi.progress.impl.CoreProgressManager.registerIndicatorAndRun(CoreProgressManager.java:443)
	at com.intellij.openapi.progress.impl.CoreProgressManager.executeProcessUnderProgress(CoreProgressManager.java:392)
	at com.intellij.openapi.progress.impl.ProgressManagerImpl.executeProcessUnderProgress(ProgressManagerImpl.java:54)
	at com.intellij.openapi.progress.impl.CoreProgressManager.runProcess(CoreProgressManager.java:127)
	at com.intellij.openapi.project.CacheUpdateRunner$MyRunnable.run(CacheUpdateRunner.java:240)
	at com.intellij.openapi.application.impl.ApplicationImpl$8.run(ApplicationImpl.java:369)
	at java.util.concurrent.Executors$RunnableAdapter.call(Executors.java:511)
	at java.util.concurrent.FutureTask.run(FutureTask.java:266)
	at java.util.concurrent.ThreadPoolExecutor.runWorker(ThreadPoolExecutor.java:1142)
	at java.util.concurrent.ThreadPoolExecutor$Worker.run(ThreadPoolExecutor.java:617)
	at java.lang.Thread.run(Thread.java:745)
[  28272]  ERROR - napi.project.CacheUpdateRunner - Error while indexing /usr/local/lib/python2.7/site-packages/matplotlib/testing/jpl_units/__init__.py
To reindex this file IDEA has to be restarted 
java.lang.IllegalArgumentException: Argument for @NotNull parameter 'file' of com/intellij/openapi/roots/impl/ProjectFileIndexFacade.isInContent must not be null
	at com.intellij.openapi.roots.impl.ProjectFileIndexFacade.isInContent(ProjectFileIndexFacade.java)
	at com.jetbrains.python.psi.resolve.QualifiedNameResolverImpl.addRelativeImportResultsFromSkeletons(QualifiedNameResolverImpl.java:288)
	at com.jetbrains.python.psi.resolve.QualifiedNameResolverImpl.resultsAsList(QualifiedNameResolverImpl.java:256)
	at com.jetbrains.python.psi.resolve.ResolveImportUtil.resolveModule(ResolveImportUtil.java:212)
	at com.jetbrains.python.psi.resolve.ResolveImportUtil.resolveFromImportStatementSource(ResolveImportUtil.java:175)
	at com.jetbrains.python.psi.impl.PyFromImportStatementImpl.resolveImportSourceCandidates(PyFromImportStatementImpl.java:240)
	at com.jetbrains.python.psi.impl.PyFromImportStatementImpl.resolveImportSource(PyFromImportStatementImpl.java:226)
	at com.jetbrains.python.psi.impl.PyFromImportStatementImpl.resolveImplicitSubModule(PyFromImportStatementImpl.java:292)
	at com.jetbrains.python.psi.impl.PyFromImportStatementImpl.multiResolveName(PyFromImportStatementImpl.java:272)
	at com.jetbrains.python.psi.resolve.PyResolveProcessor.resolveInImportedNameDefiner(PyResolveProcessor.java:121)
	at com.jetbrains.python.psi.resolve.PyResolveProcessor.execute(PyResolveProcessor.java:63)
	at com.jetbrains.python.psi.resolve.PyResolveUtil.scopeCrawlUp(PyResolveUtil.java:92)
	at com.jetbrains.python.psi.resolve.PyResolveUtil.scopeCrawlUp(PyResolveUtil.java:63)
	at com.jetbrains.python.psi.impl.stubs.PyNamedTupleStubImpl.resolveLocally(PyNamedTupleStubImpl.java:297)
	at com.jetbrains.python.psi.impl.stubs.PyNamedTupleStubImpl.getImportedNamedTupleQName(PyNamedTupleStubImpl.java:253)
	at com.jetbrains.python.psi.impl.stubs.PyNamedTupleStubImpl.getNamedTupleQName(PyNamedTupleStubImpl.java:156)
	at com.jetbrains.python.psi.impl.stubs.PyNamedTupleStubImpl.create(PyNamedTupleStubImpl.java:75)
	at com.jetbrains.python.psi.impl.stubs.PyNamedTupleStubImpl.create(PyNamedTupleStubImpl.java:61)
	at com.jetbrains.python.psi.impl.stubs.PyNamedTupleStubType.createStub(PyNamedTupleStubType.java:31)
	at com.jetbrains.python.psi.impl.stubs.PyNamedTupleStubType.createStub(PyNamedTupleStubType.java:26)
	at com.jetbrains.python.psi.impl.stubs.PyTargetExpressionElementType.createStub(PyTargetExpressionElementType.java:75)
	at com.jetbrains.python.psi.impl.stubs.PyTargetExpressionElementType.createStub(PyTargetExpressionElementType.java:43)
	at com.intellij.psi.stubs.DefaultStubBuilder.buildStubTreeFor(DefaultStubBuilder.java:60)
	at com.intellij.psi.stubs.DefaultStubBuilder.buildStubTree(DefaultStubBuilder.java:36)
	at com.intellij.psi.stubs.StubTreeBuilder.buildStubTree(StubTreeBuilder.java:86)
	at com.intellij.psi.stubs.StubUpdatingIndex$3$1.run(StubUpdatingIndex.java:127)
	at com.intellij.openapi.application.impl.ApplicationImpl.runReadAction(ApplicationImpl.java:945)
	at com.intellij.psi.stubs.StubUpdatingIndex$3.map(StubUpdatingIndex.java:124)
	at com.intellij.psi.stubs.StubUpdatingIndex$3.map(StubUpdatingIndex.java:118)
	at com.intellij.util.indexing.MapReduceIndex.update(MapReduceIndex.java:398)
	at com.intellij.util.indexing.FileBasedIndexImpl.updateSingleIndex(FileBasedIndexImpl.java:1831)
	at com.intellij.util.indexing.FileBasedIndexImpl$23.run(FileBasedIndexImpl.java:1760)
	at com.intellij.openapi.fileTypes.impl.FileTypeManagerImpl.freezeFileTypeTemporarilyIn(FileTypeManagerImpl.java:510)
	at com.intellij.util.indexing.FileBasedIndexImpl.doIndexFileContent(FileBasedIndexImpl.java:1718)
	at com.intellij.util.indexing.FileBasedIndexImpl.indexFileContent(FileBasedIndexImpl.java:1703)
	at com.intellij.util.indexing.UnindexedFilesUpdater$2.consume(UnindexedFilesUpdater.java:108)
	at com.intellij.util.indexing.UnindexedFilesUpdater$2.consume(UnindexedFilesUpdater.java:105)
	at com.intellij.openapi.project.CacheUpdateRunner$MyRunnable$1.run(CacheUpdateRunner.java:226)
	at com.intellij.openapi.application.impl.ApplicationImpl.tryRunReadAction(ApplicationImpl.java:1178)
	at com.intellij.openapi.project.CacheUpdateRunner$MyRunnable$2.run(CacheUpdateRunner.java:246)
	at com.intellij.openapi.progress.impl.CoreProgressManager$2.run(CoreProgressManager.java:142)
	at com.intellij.openapi.progress.impl.CoreProgressManager.registerIndicatorAndRun(CoreProgressManager.java:446)
	at com.intellij.openapi.progress.impl.CoreProgressManager.registerIndicatorAndRun(CoreProgressManager.java:443)
	at com.intellij.openapi.progress.impl.CoreProgressManager.executeProcessUnderProgress(CoreProgressManager.java:392)
	at com.intellij.openapi.progress.impl.ProgressManagerImpl.executeProcessUnderProgress(ProgressManagerImpl.java:54)
	at com.intellij.openapi.progress.impl.CoreProgressManager.runProcess(CoreProgressManager.java:127)
	at com.intellij.openapi.project.CacheUpdateRunner$MyRunnable.run(CacheUpdateRunner.java:240)
	at com.intellij.openapi.application.impl.ApplicationImpl$8.run(ApplicationImpl.java:369)
	at java.util.concurrent.Executors$RunnableAdapter.call(Executors.java:511)
	at java.util.concurrent.FutureTask.run(FutureTask.java:266)
	at java.util.concurrent.ThreadPoolExecutor.runWorker(ThreadPoolExecutor.java:1142)
	at java.util.concurrent.ThreadPoolExecutor$Worker.run(ThreadPoolExecutor.java:617)
	at java.lang.Thread.run(Thread.java:745)
[  28282]  ERROR - napi.project.CacheUpdateRunner - PyCharm Community Edition 2016.1.2  Build #PC-145.844.6 
[  28280]  ERROR - napi.project.CacheUpdateRunner - PyCharm Community Edition 2016.1.2  Build #PC-145.844.6 
[  28284]  ERROR - napi.project.CacheUpdateRunner - JDK: 1.8.0_76-release 
[  28284]  ERROR - napi.project.CacheUpdateRunner - JDK: 1.8.0_76-release 
[  28284]  ERROR - napi.project.CacheUpdateRunner - PyCharm Community Edition 2016.1.2  Build #PC-145.844.6 
[  28284]  ERROR - napi.project.CacheUpdateRunner - VM: OpenJDK 64-Bit Server VM 
[  28284]  ERROR - napi.project.CacheUpdateRunner - Vendor: JetBrains s.r.o 
[  28284]  ERROR - napi.project.CacheUpdateRunner - VM: OpenJDK 64-Bit Server VM 
[  28285]  ERROR - napi.project.CacheUpdateRunner - OS: Linux 
[  28284]  ERROR - napi.project.CacheUpdateRunner - JDK: 1.8.0_76-release 
[  28285]  ERROR - napi.project.CacheUpdateRunner - Last Action:  
[  28285]  ERROR - napi.project.CacheUpdateRunner - Vendor: JetBrains s.r.o 
[  28286]  ERROR - napi.project.CacheUpdateRunner - OS: Linux 
[  28286]  ERROR - napi.project.CacheUpdateRunner - Last Action:  
[  28285]  ERROR - napi.project.CacheUpdateRunner - VM: OpenJDK 64-Bit Server VM 
[  28289]  ERROR - napi.project.CacheUpdateRunner - Vendor: JetBrains s.r.o 
[  28289]  ERROR - napi.project.CacheUpdateRunner - OS: Linux 
[  28289]  ERROR - napi.project.CacheUpdateRunner - Last Action:  
