16:00:21 **** Incremental Build of configuration Debug for project parallel_ray_tracing ****
make all 
Building file: ../parallel_ray_tracing.cu
Invoking: NVCC Compiler
/opt/cuda/7.0/bin/nvcc -G -g -O0 -Xcompiler -fPIC -gencode arch=compute_20,code=sm_20  -odir "." -M -o "parallel_ray_tracing.d" "../parallel_ray_tracing.cu"
/opt/cuda/7.0/bin/nvcc -G -g -O0 -Xcompiler -fPIC --compile --relocatable-device-code=false -gencode arch=compute_20,code=compute_20 -gencode arch=compute_20,code=sm_20  -x cu -o  "parallel_ray_tracing.o" "../parallel_ray_tracing.cu"
../parallel_ray_tracing.cu(215): warning: variable "lightfield_source_copy" was declared but never referenced

../parallel_ray_tracing.cu(239): warning: variable "scattering_data_copy" was declared but never referenced

../parallel_ray_tracing.cu(215): warning: variable "lightfield_source_copy" was declared but never referenced

../parallel_ray_tracing.cu(239): warning: variable "scattering_data_copy" was declared but never referenced

Finished building: ../parallel_ray_tracing.cu
 
Building target: libparallel_ray_tracing.so
Invoking: NVCC Linker
/opt/cuda/7.0/bin/nvcc --cudart static -shared --relocatable-device-code=false -gencode arch=compute_20,code=compute_20 -gencode arch=compute_20,code=sm_20 -link -o  "libparallel_ray_tracing.so"  ./parallel_ray_tracing.o   
Finished building target: libparallel_ray_tracing.so
 
16:07:15 **** Incremental Build of configuration Debug for project parallel_ray_tracing ****
make all 
make: Nothing to be done for `all'.
16:08:22 **** Incremental Build of configuration Debug for project parallel_ray_tracing ****
make all 
make: Nothing to be done for `all'.
16:11:24 **** Incremental Build of configuration Debug for project parallel_ray_tracing ****
make all 
make: Nothing to be done for `all'.
16:30:31 **** Incremental Build of configuration Debug for project parallel_ray_tracing ****
make all 
make: Nothing to be done for `all'.
16:36:53 **** Incremental Build of configuration Debug for project parallel_ray_tracing ****
make all 
make: Nothing to be done for `all'.
16:40:02 **** Incremental Build of configuration Debug for project parallel_ray_tracing ****
make all 
make: Nothing to be done for `all'.
16:41:40 **** Incremental Build of configuration Debug for project parallel_ray_tracing ****
make all 
make: Nothing to be done for `all'.
16:42:12 **** Incremental Build of configuration Debug for project parallel_ray_tracing ****
make all 
make: Nothing to be done for `all'.
16:44:27 **** Incremental Build of configuration Debug for project parallel_ray_tracing ****
make all 
make: Nothing to be done for `all'.
16:47:12 **** Incremental Build of configuration Debug for project parallel_ray_tracing ****
make all 
make: Nothing to be done for `all'.
16:57:56 **** Incremental Build of configuration Debug for project parallel_ray_tracing ****
make all 
make: Nothing to be done for `all'.
17:00:02 **** Incremental Build of configuration Debug for project parallel_ray_tracing ****
make all 
make: Nothing to be done for `all'.
